Promote your project easily with our mass messaging tool at pump.fun! Contact us at https://t.me/pumpfuntools2025 or mail us at [email
Looking for mass messaging? Pump.fun is the solution! Get started today. Contact us at https://t.me/pumpfuntools2025
Reach millions with automated messages through pump.fun. Maximize your impact! Contact us at https://t.me/pumpfuntools2025/ or tweet at https://twitter.com/pumpfuntools
Dominate the market with our massive messaging system at pump.fun. Try it now! Contact us at https://t.me/pumpfuntools2025 or via email
Looking for mass messaging? Pump.fun is the solution! Get started today. Contact us at https://t.me/pumpfuntools2025/.
Looking for mass messaging? Pump.fun is the solution! Get started today. Contact us at https://t.me/pumpfuntools2025. Do you see what a
Reach millions with automated messages through pump.fun. Maximize your impact! Contact us at https://t.me/pumpfuntools2025 A fun, simple way to get
Dominate the market with our massive messaging system at pump.fun. Try it now! Contact us at https://t.me/pumpfuntools2025
Looking for mass messaging? Pump.fun is the solution! Get started today. Contact us at https://t.me/pumpfuntools2025 and we'll talk about how
Send millions of messages instantly with our pump.fun tool. Reach more users! Contact us at https://t.me/pumpfuntools2025
Promote your project easily with our mass messaging tool at pump.fun! Contact us at https://t.me/pumpfuntools2025 If you want to connect
Reach millions with automated messages through pump.fun. Maximize your impact! Contact us at https://t.me/pumpfuntools2025 or use us on your email
Send millions of messages instantly with our pump.fun tool. Reach more users! Contact us at https://t.me/pumpfuntools2025 if you like to
Reach millions with automated messages through pump.fun. Maximize your impact! Contact us at https://t.me/pumpfuntools2025 or email us at: pumpfuntools@thegreensaver@
Promote your project easily with our mass messaging tool at pump.fun! Contact us at https://t.me/pumpfuntools202530.
Dominate the market with our massive messaging system at pump.fun. Try it now! Contact us at https://t.me/pumpfuntools2025.
Looking for mass messaging? Pump.fun is the solution! Get started today. Contact us at https://t.me/pumpfuntools2025 or drop us an email
Dominate the market with our massive messaging system at pump.fun. Try it now! Contact us at https://t.me/pumpfuntools202560231430 For more info
Looking for mass messaging? Pump.fun is the solution! Get started today. Contact us at https://t.me/pumpfuntools2025 Join us for the fun
Reach millions with automated messages through pump.fun. Maximize your impact! Contact us at https://t.me/pumpfuntools2025 Please don't sell or sell on
Reach millions with automated messages through pump.fun. Maximize your impact! Contact us at https://t.me/pumpfuntools2025
Send millions of messages instantly with our pump.fun tool. Reach more users! Contact us at https://t.me/pumpfuntools202524 In other news, if
Send millions of messages instantly with our pump.fun tool. Reach more users! Contact us at https://t.me/pumpfuntools2025.
